<?xml version="1.0" encoding="UTF-8"?>
<testsuite name="ReactorCoreTests" tests="1" skipped="0" failures="0" errors="0" timestamp="2019-04-03T19:05:42" hostname="Javiers-MacBook-Pro.local" time="0.094">
  <properties/>
  <testcase name="eachTransformationReturnsANewFlux" classname="ReactorCoreTests" time="0.094"/>
  <system-out><![CDATA[]]></system-out>
  <system-err><![CDATA[]]></system-err>
</testsuite>
